# JRE version: OpenJDK Runtime Environment (8.0_242) (build 1.8.0_242-release-1644-b3-6222593)
# Java VM: OpenJDK 64-Bit Server VM (25.242-b3-6222593 mixed mode bsd-amd64 compressed oops)
Heap:
 PSYoungGen      total 400896K, used 275882K [0x00000007a0000000, 0x00000007bf400000, 0x00000007c0000000)
  eden space 288256K, 89% used [0x00000007a0000000,0x00000007afadb0f0,0x00000007b1980000)
  from space 112640K, 16% used [0x00000007b8600000,0x00000007b988f7a0,0x00000007bf400000)
  to   space 111104K, 0% used [0x00000007b1980000,0x00000007b1980000,0x00000007b8600000)
 ParOldGen       total 902144K, used 623647K [0x0000000760000000, 0x0000000797100000, 0x00000007a0000000)
  object space 902144K, 69% used [0x0000000760000000,0x0000000786107e68,0x0000000797100000)
 Metaspace       used 199277K, capacity 215480K, committed 220544K, reserved 1241088K
  class space    used 23821K, capacity 27041K, committed 28288K, reserved 1048576K
GC Heap History (10 events):
Event: 20382.862 GC heap before
{Heap before GC invocations=248 (full 14):
 PSYoungGen      total 366592K, used 242040K [0x00000007a0000000, 0x00000007bf680000, 0x00000007c0000000)
  eden space 224768K, 100% used [0x00000007a0000000,0x00000007adb80000,0x00000007adb80000)
  from space 141824K, 12% used [0x00000007adb80000,0x00000007aec5e0b8,0x00000007b6600000)
  to   space 138240K, 0% used [0x00000007b6f80000,0x00000007b6f80000,0x00000007bf680000)
 ParOldGen       total 902144K, used 504972K [0x0000000760000000, 0x0000000797100000, 0x00000007a0000000)
  object space 902144K, 55% used [0x0000000760000000,0x000000077ed23098,0x0000000797100000)
 Metaspace       used 198434K, capacity 213980K, committed 220544K, reserved 1241088K
  class space    used 23681K, capacity 26755K, committed 28288K, reserved 1048576K
Event: 20382.878 GC heap after
Heap after GC invocations=248 (full 14):
 PSYoungGen      total 378368K, used 16763K [0x00000007a0000000, 0x00000007bf480000, 0x00000007c0000000)
  eden space 242176K, 0% used [0x00000007a0000000,0x00000007a0000000,0x00000007aec80000)
  from space 136192K, 12% used [0x00000007b6f80000,0x00000007b7fdec48,0x00000007bf480000)
  to   space 134144K, 0% used [0x00000007aec80000,0x00000007aec80000,0x00000007b6f80000)
 ParOldGen       total 902144K, used 521750K [0x0000000760000000, 0x0000000797100000, 0x00000007a0000000)
  object space 902144K, 57% used [0x0000000760000000,0x000000077fd859e0,0x0000000797100000)
 Metaspace       used 198434K, capacity 213980K, committed 220544K, reserved 1241088K
  class space    used 23681K, capacity 26755K, committed 28288K, reserved 1048576K
}
Event: 20397.536 GC heap before
{Heap before GC invocations=249 (full 14):
 PSYoungGen      total 378368K, used 258939K [0x00000007a0000000, 0x00000007bf480000, 0x00000007c0000000)
  eden space 242176K, 100% used [0x00000007a0000000,0x00000007aec80000,0x00000007aec80000)
  from space 136192K, 12% used [0x00000007b6f80000,0x00000007b7fdec48,0x00000007bf480000)
  to   space 134144K, 0% used [0x00000007aec80000,0x00000007aec80000,0x00000007b6f80000)
 ParOldGen       total 902144K, used 521750K [0x0000000760000000, 0x0000000797100000, 0x00000007a0000000)
  object space 902144K, 57% used [0x0000000760000000,0x000000077fd859e0,0x0000000797100000)
 Metaspace       used 199192K, capacity 215352K, committed 220544K, reserved 1241088K
  class space    used 23814K, capacity 27029K, committed 28288K, reserved 1048576K
Event: 20397.555 GC heap after
Heap after GC invocations=249 (full 14):
 PSYoungGen      total 376320K, used 27195K [0x00000007a0000000, 0x00000007bf200000, 0x00000007c0000000)
  eden space 242176K, 0% used [0x00000007a0000000,0x00000007a0000000,0x00000007aec80000)
  from space 134144K, 20% used [0x00000007aec80000,0x00000007b070ef48,0x00000007b6f80000)
  to   space 128000K, 0% used [0x00000007b7500000,0x00000007b7500000,0x00000007bf200000)
 ParOldGen       total 902144K, used 537472K [0x0000000760000000, 0x0000000797100000, 0x00000007a0000000)
  object space 902144K, 59% used [0x0000000760000000,0x0000000780ce00b0,0x0000000797100000)
 Metaspace       used 199192K, capacity 215352K, committed 220544K, reserved 1241088K
  class space    used 23814K, capacity 27029K, committed 28288K, reserved 1048576K
}
Event: 20398.318 GC heap before
{Heap before GC invocations=250 (full 14):
 PSYoungGen      total 376320K, used 269371K [0x00000007a0000000, 0x00000007bf200000, 0x00000007c0000000)
  eden space 242176K, 100% used [0x00000007a0000000,0x00000007aec80000,0x00000007aec80000)
  from space 134144K, 20% used [0x00000007aec80000,0x00000007b070ef48,0x00000007b6f80000)
  to   space 128000K, 0% used [0x00000007b7500000,0x00000007b7500000,0x00000007bf200000)
 ParOldGen       total 902144K, used 537472K [0x0000000760000000, 0x0000000797100000, 0x00000007a0000000)
  object space 902144K, 59% used [0x0000000760000000,0x0000000780ce00b0,0x0000000797100000)
 Metaspace       used 199220K, capacity 215422K, committed 220544K, reserved 1241088K
  class space    used 23815K, capacity 27030K, committed 28288K, reserved 1048576K
Event: 20398.346 GC heap after
Heap after GC invocations=250 (full 14):
 PSYoungGen      total 381952K, used 40272K [0x00000007a0000000, 0x00000007bea00000, 0x00000007c0000000)
  eden space 262144K, 0% used [0x00000007a0000000,0x00000007a0000000,0x00000007b0000000)
  from space 119808K, 33% used [0x00000007b7500000,0x00000007b9c54030,0x00000007bea00000)
  to   space 119808K, 0% used [0x00000007b0000000,0x00000007b0000000,0x00000007b7500000)
 ParOldGen       total 902144K, used 563900K [0x0000000760000000, 0x0000000797100000, 0x00000007a0000000)
  object space 902144K, 62% used [0x0000000760000000,0x00000007826af200,0x0000000797100000)
 Metaspace       used 199220K, capacity 215422K, committed 220544K, reserved 1241088K
  class space    used 23815K, capacity 27030K, committed 28288K, reserved 1048576K
}
Event: 20399.199 GC heap before
{Heap before GC invocations=251 (full 14):
 PSYoungGen      total 381952K, used 302416K [0x00000007a0000000, 0x00000007bea00000, 0x00000007c0000000)
  eden space 262144K, 100% used [0x00000007a0000000,0x00000007b0000000,0x00000007b0000000)
  from space 119808K, 33% used [0x00000007b7500000,0x00000007b9c54030,0x00000007bea00000)
  to   space 119808K, 0% used [0x00000007b0000000,0x00000007b0000000,0x00000007b7500000)
 ParOldGen       total 902144K, used 563900K [0x0000000760000000, 0x0000000797100000, 0x00000007a0000000)
  object space 902144K, 62% used [0x0000000760000000,0x00000007826af200,0x0000000797100000)
 Metaspace       used 199225K, capacity 215428K, committed 220544K, reserved 1241088K
  class space    used 23815K, capacity 27031K, committed 28288K, reserved 1048576K
Event: 20399.230 GC heap after
Heap after GC invocations=251 (full 14):
 PSYoungGen      total 381952K, used 25072K [0x00000007a0000000, 0x00000007bf600000, 0x00000007c0000000)
  eden space 262144K, 0% used [0x00000007a0000000,0x00000007a0000000,0x00000007b0000000)
  from space 119808K, 20% used [0x00000007b0000000,0x00000007b187c060,0x00000007b7500000)
  to   space 114688K, 0% used [0x00000007b8600000,0x00000007b8600000,0x00000007bf600000)
 ParOldGen       total 902144K, used 602176K [0x0000000760000000, 0x0000000797100000, 0x00000007a0000000)
  object space 902144K, 66% used [0x0000000760000000,0x0000000784c10030,0x0000000797100000)
 Metaspace       used 199225K, capacity 215428K, committed 220544K, reserved 1241088K
  class space    used 23815K, capacity 27031K, committed 28288K, reserved 1048576K
}
Event: 20405.693 GC heap before
{Heap before GC invocations=252 (full 14):
 PSYoungGen      total 381952K, used 286402K [0x00000007a0000000, 0x00000007bf600000, 0x00000007c0000000)
  eden space 262144K, 99% used [0x00000007a0000000,0x00000007aff34938,0x00000007b0000000)
  from space 119808K, 20% used [0x00000007b0000000,0x00000007b187c060,0x00000007b7500000)
  to   space 114688K, 0% used [0x00000007b8600000,0x00000007b8600000,0x00000007bf600000)
 ParOldGen       total 902144K, used 602176K [0x0000000760000000, 0x0000000797100000, 0x00000007a0000000)
  object space 902144K, 66% used [0x0000000760000000,0x0000000784c10030,0x0000000797100000)
 Metaspace       used 199251K, capacity 215444K, committed 220544K, reserved 1241088K
  class space    used 23818K, capacity 27035K, committed 28288K, reserved 1048576K
Event: 20405.709 GC heap after
Heap after GC invocations=252 (full 14):
 PSYoungGen      total 400896K, used 19005K [0x00000007a0000000, 0x00000007bf400000, 0x00000007c0000000)
  eden space 288256K, 0% used [0x00000007a0000000,0x00000007a0000000,0x00000007b1980000)
  from space 112640K, 16% used [0x00000007b8600000,0x00000007b988f7a0,0x00000007bf400000)
  to   space 111104K, 0% used [0x00000007b1980000,0x00000007b1980000,0x00000007b8600000)
 ParOldGen       total 902144K, used 623647K [0x0000000760000000, 0x0000000797100000, 0x00000007a0000000)
  object space 902144K, 69% used [0x0000000760000000,0x0000000786107e68,0x0000000797100000)
 Metaspace       used 199251K, capacity 215444K, committed 220544K, reserved 1241088K
  class space    used 23818K, capacity 27035K, committed 28288K, reserved 1048576K
}

